<?xml version="1.0" encoding="UTF-8"?>
<!-- Generated by org.testng.reporters.JUnitReportReporter -->
<testsuite hostname="DESKTOP-OG1P3UF" failures="0" tests="1" name="crudWithoutBDD.DeleteProject" time="2.724" errors="0" timestamp="2022-09-21T16:28:11 IST" skipped="0">
  <testcase classname="crudWithoutBDD.DeleteProject" name="deleteProject" time="2.724"/>
  <system-out/>
</testsuite> <!-- crudWithoutBDD.DeleteProject -->
