<?xml version="1.0" encoding="UTF-8"?>
<!-- Generated by org.testng.reporters.JUnitReportReporter -->
<testsuite hostname="DESKTOP-OG1P3UF" failures="0" tests="1" name="differance_Ways_To_Post_Request.CreateProjectWithPojoClass" time="3.841" errors="0" timestamp="2022-09-22T11:03:52 IST" skipped="0">
  <testcase classname="differance_Ways_To_Post_Request.CreateProjectWithPojoClass" name="createProjectTest" time="3.841"/>
  <system-out/>
</testsuite> <!-- differance_Ways_To_Post_Request.CreateProjectWithPojoClass -->
