<?xml version="1.0" encoding="UTF-8"?>
<!-- Generated by org.testng.reporters.JUnitReportReporter -->
<testsuite hostname="DESKTOP-OG1P3UF" failures="0" tests="1" name="Authentication.Oauth2_0" time="5.504" errors="0" timestamp="2022-09-26T13:01:45 IST" skipped="0">
  <testcase classname="Authentication.Oauth2_0" name="oauthAuthentication" time="5.504"/>
  <system-out/>
</testsuite> <!-- Authentication.Oauth2_0 -->
