<?xml version="1.0" encoding="UTF-8"?>
<!-- Generated by org.testng.reporters.JUnitReportReporter -->
<testsuite hostname="DESKTOP-OG1P3UF" failures="0" tests="1" name="crudWithBDD.GetAllProjects" time="3.039" errors="0" timestamp="2023-01-21T15:08:51 IST" skipped="0">
  <testcase classname="crudWithBDD.GetAllProjects" name="getAllProjects" time="3.039"/>
  <system-out/>
</testsuite> <!-- crudWithBDD.GetAllProjects -->
