<?xml version="1.0" encoding="UTF-8"?>
<!-- Generated by org.testng.reporters.JUnitReportReporter -->
<testsuite hostname="DESKTOP-OG1P3UF" failures="0" tests="1" name="Parameters.RequstingChaining" time="4.738" errors="0" timestamp="2022-09-22T15:58:52 IST" skipped="0">
  <testcase classname="Parameters.RequstingChaining" name="requestChain" time="4.738"/>
  <system-out/>
</testsuite> <!-- Parameters.RequstingChaining -->
