<?xml version="1.0" encoding="UTF-8"?>
<!-- Generated by org.testng.reporters.JUnitReportReporter -->
<testsuite hostname="DESKTOP-OG1P3UF" failures="0" tests="3" name="DataProvider.DataProvider" time="3.830" errors="0" timestamp="2022-09-22T14:12:55 IST" skipped="0">
  <testcase classname="DataProvider.DataProvider" name="dataTest" time="0.066"/>
  <system-out/>
  <testcase classname="DataProvider.DataProvider" name="dataTest" time="3.701"/>
  <system-out/>
  <testcase classname="DataProvider.DataProvider" name="dataTest" time="0.063"/>
  <system-out/>
</testsuite> <!-- DataProvider.DataProvider -->
