<?xml version="1.0" encoding="UTF-8"?>
<!-- Generated by org.testng.reporters.JUnitReportReporter -->
<testsuite hostname="DESKTOP-OG1P3UF" failures="0" tests="1" name="Authentication.BearerToken" time="5.956" errors="0" timestamp="2022-09-23T16:31:10 IST" skipped="0">
  <testcase classname="Authentication.BearerToken" name="bearerToken" time="5.956"/>
  <system-out/>
</testsuite> <!-- Authentication.BearerToken -->
