<?xml version="1.0" encoding="UTF-8"?>
<!-- Generated by org.testng.reporters.JUnitReportReporter -->
<testsuite hostname="DESKTOP-OG1P3UF" failures="0" tests="1" name="crudWithBDD.UpdateProject" time="3.626" errors="0" timestamp="2023-01-21T15:10:33 IST" skipped="0">
  <testcase classname="crudWithBDD.UpdateProject" name="updateProject" time="3.626"/>
  <system-out/>
</testsuite> <!-- crudWithBDD.UpdateProject -->
