<?xml version="1.0" encoding="UTF-8"?>
<!-- Generated by org.testng.reporters.JUnitReportReporter -->
<testsuite hostname="DESKTOP-OG1P3UF" failures="0" tests="1" name="JDBC_DATABASE_PRGM.JdbcDatabasePrgm" time="15.725" errors="0" timestamp="2022-10-07T15:34:37 IST" skipped="0">
  <testcase classname="JDBC_DATABASE_PRGM.JdbcDatabasePrgm" name="updatedatebase" time="15.725"/>
  <system-out/>
</testsuite> <!-- JDBC_DATABASE_PRGM.JdbcDatabasePrgm -->
