<?xml version="1.0" encoding="UTF-8"?>
<!-- Generated by org.testng.reporters.JUnitReportReporter -->
<testsuite hostname="DESKTOP-OG1P3UF" failures="0" tests="1" name="crudWithBDD.CreateProject" time="6.942" errors="0" timestamp="2023-02-20T18:05:15 IST" skipped="0">
  <testcase classname="crudWithBDD.CreateProject" name="createProject" time="6.942"/>
  <system-out/>
</testsuite> <!-- crudWithBDD.CreateProject -->
