<?xml version="1.0" encoding="UTF-8"?>
<!-- Generated by org.testng.reporters.JUnitReportReporter -->
<testsuite hostname="DESKTOP-OG1P3UF" failures="0" tests="1" name="Parameters.PathParameter" time="3.083" errors="0" timestamp="2022-09-22T15:22:53 IST" skipped="0">
  <testcase classname="Parameters.PathParameter" name="pathParameter" time="3.083"/>
  <system-out/>
</testsuite> <!-- Parameters.PathParameter -->
