<?xml version="1.0" encoding="UTF-8"?>
<!-- Generated by org.testng.reporters.JUnitReportReporter -->
<testsuite hostname="DESKTOP-OG1P3UF" failures="0" tests="1" name="differance_Ways_To_Post_Request.CreateProjectUsingJSONfile" time="3.516" errors="0" timestamp="2022-09-22T10:14:20 IST" skipped="0">
  <testcase classname="differance_Ways_To_Post_Request.CreateProjectUsingJSONfile" name="createProjectUsingJSONfile" time="3.516"/>
  <system-out/>
</testsuite> <!-- differance_Ways_To_Post_Request.CreateProjectUsingJSONfile -->
