<?xml version="1.0" encoding="UTF-8"?>
<!-- Generated by org.testng.reporters.JUnitReportReporter -->
<testsuite hostname="DESKTOP-OG1P3UF" failures="0" tests="3" name="Authentication.BasicAuth" time="3.692" errors="0" timestamp="2022-09-23T16:25:27 IST" skipped="0">
  <testcase classname="Authentication.BasicAuth" name="basicAuth" time="3.148"/>
  <system-out/>
  <testcase classname="Authentication.BasicAuth" name="basicPreEmptiveAuth" time="0.197"/>
  <system-out/>
  <testcase classname="Authentication.BasicAuth" name="basicDigestiveAuth" time="0.347"/>
  <system-out/>
</testsuite> <!-- Authentication.BasicAuth -->
