<?xml version="1.0" encoding="UTF-8"?>
<!-- Generated by org.testng.reporters.JUnitReportReporter -->
<testsuite hostname="DESKTOP-OG1P3UF" failures="0" tests="1" name="crudWithoutBDD.UpdateProject" time="3.476" errors="0" timestamp="2022-09-21T16:16:35 IST" skipped="0">
  <testcase classname="crudWithoutBDD.UpdateProject" name="updateTest" time="3.476"/>
  <system-out/>
</testsuite> <!-- crudWithoutBDD.UpdateProject -->
